<?xml version="1.0" encoding="UTF-8"?>
<!-- Generated by org.testng.reporters.JUnitReportReporter -->
<testsuite skipped="0" hostname="serega-Lenovo-G40-30" name="core.Testng.testclasses.TestAnnotation" tests="3" failures="0" timestamp="16 Nov 2018 00:35:49 GMT" time="0.010" errors="0">
  <testcase name="testMethod2" time="0.003" classname="core.Testng.testclasses.TestAnnotation"/>
  <testcase name="testMethod3" time="0.004" classname="core.Testng.testclasses.TestAnnotation"/>
  <testcase name="testMethod1" time="0.003" classname="core.Testng.testclasses.TestAnnotation"/>
</testsuite> <!-- core.Testng.testclasses.TestAnnotation -->
