<?xml version="1.0" encoding="UTF-8"?>
<!-- Generated by org.testng.reporters.JUnitReportReporter -->
<testsuite skipped="0" hostname="serega-Lenovo-G40-30" name="core.Testng.suite1.ClassTest1" tests="3" failures="0" timestamp="16 Nov 2018 23:09:47 GMT" time="0.023" errors="0">
  <testcase name="test2" time="0.005" classname="core.Testng.suite1.ClassTest1"/>
  <testcase name="test3" time="0.005" classname="core.Testng.suite1.ClassTest1"/>
  <testcase name="test1" time="0.013" classname="core.Testng.suite1.ClassTest1"/>
</testsuite> <!-- core.Testng.suite1.ClassTest1 -->
