<?xml version="1.0" encoding="UTF-8"?>
<!-- Generated by org.testng.reporters.JUnitReportReporter -->
<testsuite skipped="0" hostname="serega-Lenovo-G40-30" name="core.Testng.testclasses.ClassTest2" tests="3" failures="0" timestamp="16 Nov 2018 06:22:48 GMT" time="0.014" errors="0">
  <testcase name="test3" time="0.003" classname="core.Testng.testclasses.ClassTest2"/>
  <testcase name="test1" time="0.007" classname="core.Testng.testclasses.ClassTest2"/>
  <testcase name="test2" time="0.004" classname="core.Testng.testclasses.ClassTest2"/>
</testsuite> <!-- core.Testng.testclasses.ClassTest2 -->
