<?xml version="1.0" encoding="UTF-8"?>
<!-- Generated by org.testng.reporters.JUnitReportReporter -->
<testsuite skipped="0" hostname="serega-Lenovo-G40-30" name="core.Testng.suite1.ClassTest2" tests="9" failures="0" timestamp="16 Nov 2018 23:09:47 GMT" time="0.041" errors="0">
  <testcase name="test3" time="0.005" classname="core.Testng.suite1.ClassTest2"/>
  <testcase name="test1" time="0.006" classname="core.Testng.suite1.ClassTest2"/>
  <testcase name="test2" time="0.006" classname="core.Testng.suite1.ClassTest2"/>
  <testcase name="test2" time="0.004" classname="core.Testng.suite1.ClassTest2"/>
  <testcase name="test1" time="0.004" classname="core.Testng.suite1.ClassTest2"/>
  <testcase name="test2" time="0.004" classname="core.Testng.suite1.ClassTest2"/>
  <testcase name="test3" time="0.004" classname="core.Testng.suite1.ClassTest2"/>
  <testcase name="test1" time="0.004" classname="core.Testng.suite1.ClassTest2"/>
  <testcase name="test3" time="0.004" classname="core.Testng.suite1.ClassTest2"/>
</testsuite> <!-- core.Testng.suite1.ClassTest2 -->
