<?xml version="1.0" encoding="UTF-8"?>
<!-- Generated by org.testng.reporters.JUnitReportReporter -->
<testsuite skipped="0" hostname="serega-Lenovo-G40-30" name="core.Testng.testclasses.Group" tests="4" failures="0" timestamp="17 Nov 2018 02:20:09 GMT" time="0.024" errors="0">
  <testcase name="testHondaCBR" time="0.004" classname="core.Testng.testclasses.Group"/>
  <testcase name="testAudiA6" time="0.012" classname="core.Testng.testclasses.Group"/>
  <testcase name="testNinja" time="0.003" classname="core.Testng.testclasses.Group"/>
  <testcase name="testBMWX6" time="0.005" classname="core.Testng.testclasses.Group"/>
</testsuite> <!-- core.Testng.testclasses.Group -->
