<?xml version="1.0" encoding="UTF-8"?>
<!-- Generated by org.testng.reporters.JUnitReportReporter -->
<testsuite skipped="0" hostname="serega-Lenovo-G40-30" name="core.Testng.testclasses.Priority" tests="3" failures="0" timestamp="16 Nov 2018 23:18:50 GMT" time="0.037" errors="0">
  <testcase name="test3" time="0.030" classname="core.Testng.testclasses.Priority"/>
  <testcase name="test2" time="0.004" classname="core.Testng.testclasses.Priority"/>
  <testcase name="test1" time="0.003" classname="core.Testng.testclasses.Priority"/>
</testsuite> <!-- core.Testng.testclasses.Priority -->
