<?xml version="1.0" encoding="UTF-8"?>
<!-- Generated by org.testng.reporters.JUnitReportReporter -->
<testsuite skipped="0" hostname="serega-Lenovo-G40-30" name="core.Testng.testclasses.BeforeClassTest" tests="3" failures="0" timestamp="16 Nov 2018 05:54:54 GMT" time="0.029" errors="0">
  <testcase name="test2" time="0.008" classname="core.Testng.testclasses.BeforeClassTest"/>
  <testcase name="test1" time="0.016" classname="core.Testng.testclasses.BeforeClassTest"/>
  <testcase name="test3" time="0.005" classname="core.Testng.testclasses.BeforeClassTest"/>
</testsuite> <!-- core.Testng.testclasses.BeforeClassTest -->
